<html>
<head>
<title>TestNG:  Default test</title>
<link href="../testng.css" rel="stylesheet" type="text/css" />
<link href="../my-testng.css" rel="stylesheet" type="text/css" />

<style type="text/css">
.log { display: none;} 
.stack-trace { display: none;} 
</style>
<script type="text/javascript">
<!--
function flip(e) {
  current = e.style.display;
  if (current == 'block') {
    e.style.display = 'none';
    return 0;
  }
  else {
    e.style.display = 'block';
    return 1;
  }
}

function toggleBox(szDivId, elem, msg1, msg2)
{
  var res = -1;  if (document.getElementById) {
    res = flip(document.getElementById(szDivId));
  }
  else if (document.all) {
    // this is the way old msie versions work
    res = flip(document.all[szDivId]);
  }
  if(elem) {
    if(res == 0) elem.innerHTML = msg1; else elem.innerHTML = msg2;
  }

}

function toggleAllBoxes() {
  if (document.getElementsByTagName) {
    d = document.getElementsByTagName('div');
    for (i = 0; i < d.length; i++) {
      if (d[i].className == 'log') {
        flip(d[i]);
      }
    }
  }
}

// -->
</script>

</head>
<body>
<h2 align='center'>Default test</h2><table border='1' align="center">
<tr>
<td>Tests passed/Failed/Skipped:</td><td>6/5/0</td>
</tr><tr>
<td>Started on:</td><td>Tue Jan 18 13:31:58 IST 2022</td>
</tr>
<tr><td>Total time:</td><td>194 seconds (194659 ms)</td>
</tr><tr>
<td>Included groups:</td><td></td>
</tr><tr>
<td>Excluded groups:</td><td></td>
</tr>
</table><p/>
<small><i>(Hover the method name to see the test class name)</i></small><p/>
<table width='100%' border='1' class='invocation-failed'>
<tr><td colspan='4' align='center'><b>FAILED TESTS</b></td></tr>
<tr><td><b>Test method</b></td>
<td width="30%"><b>Exception</b></td>
<td width="10%"><b>Time (seconds)</b></td>
<td><b>Instance</b></td>
</tr>
<tr>
<td title='com.mindtree.runner.TestRunner.runScenario()'><b>runScenario</b><br>Test class: com.mindtree.runner.TestRunner<br>Test method: Runs Cucumber Scenarios<br>Parameters: "Airport cab services", "Optional[Airport]"</td>
<td><div><pre>org.openqa.selenium.NoSuchElementException: Cannot locate element with text: 3:00 PM
For documentation on this error, please visit: https://www.seleniumhq.org/exceptions/no_such_element.html
Build info: version: &apos;3.141.59&apos;, revision: &apos;e82be7d358&apos;, time: &apos;2018-11-14T08:17:03&apos;
System info: host: &apos;CDMIHFB2&apos;, ip: &apos;192.168.43.197&apos;, os.name: &apos;Windows 10&apos;, os.arch: &apos;amd64&apos;, os.version: &apos;10.0&apos;, java.version: &apos;17&apos;
Driver info: driver.version: unknown
	at org.openqa.selenium.support.ui.Select.selectByVisibleText(Select.java:147)
	at com.mindtree.reusable.WebDriverHelper.select(WebDriverHelper.java:127)
	at com.mindtree.pageobject.Airportpage.pickuptime(Airportpage.java:63)
	at com.mindtree.stepDefination.AirportStepdefinition.user_selects_pickup_time(AirportStepdefinition.java:64)
	at ?.User selects pickup time &quot;3:00 PM&quot;(file:///C:/Users/deepi/eclipse-workspace3/CucumberFramework/Features/Airport.feature:12)
</pre></div><a href='#' onClick='toggleBox("stack-trace864210792", this, "Click to show all stack frames", "Click to hide stack frames")'>Click to show all stack frames</a>
<div class='stack-trace' id='stack-trace864210792'><pre>org.openqa.selenium.NoSuchElementException: Cannot locate element with text: 3:00 PM
For documentation on this error, please visit: https://www.seleniumhq.org/exceptions/no_such_element.html
Build info: version: &apos;3.141.59&apos;, revision: &apos;e82be7d358&apos;, time: &apos;2018-11-14T08:17:03&apos;
System info: host: &apos;CDMIHFB2&apos;, ip: &apos;192.168.43.197&apos;, os.name: &apos;Windows 10&apos;, os.arch: &apos;amd64&apos;, os.version: &apos;10.0&apos;, java.version: &apos;17&apos;
Driver info: driver.version: unknown
	at org.openqa.selenium.support.ui.Select.selectByVisibleText(Select.java:147)
	at com.mindtree.reusable.WebDriverHelper.select(WebDriverHelper.java:127)
	at com.mindtree.pageobject.Airportpage.pickuptime(Airportpage.java:63)
	at com.mindtree.stepDefination.AirportStepdefinition.user_selects_pickup_time(AirportStepdefinition.java:64)
	at ?.User selects pickup time &quot;3:00 PM&quot;(file:///C:/Users/deepi/eclipse-workspace3/CucumberFramework/Features/Airport.feature:12)
</pre></div></td>
<td>28</td>
<td>com.mindtree.runner.TestRunner@45a37759</td></tr>
<tr>
<td title='com.mindtree.runner.TestRunner.runScenario()'><b>runScenario</b><br>Test class: com.mindtree.runner.TestRunner<br>Test method: Runs Cucumber Scenarios<br>Parameters: "Airport cab services", "Optional[Airport]"</td>
<td><div><pre>org.openqa.selenium.NoSuchElementException: Cannot locate element with text: 3:00 PM
For documentation on this error, please visit: https://www.seleniumhq.org/exceptions/no_such_element.html
Build info: version: &apos;3.141.59&apos;, revision: &apos;e82be7d358&apos;, time: &apos;2018-11-14T08:17:03&apos;
System info: host: &apos;CDMIHFB2&apos;, ip: &apos;192.168.43.197&apos;, os.name: &apos;Windows 10&apos;, os.arch: &apos;amd64&apos;, os.version: &apos;10.0&apos;, java.version: &apos;17&apos;
Driver info: driver.version: unknown
	at org.openqa.selenium.support.ui.Select.selectByVisibleText(Select.java:147)
	at com.mindtree.reusable.WebDriverHelper.select(WebDriverHelper.java:127)
	at com.mindtree.pageobject.Airportpage.pickuptime(Airportpage.java:63)
	at com.mindtree.stepDefination.AirportStepdefinition.user_selects_pickup_time(AirportStepdefinition.java:64)
	at ?.User selects pickup time &quot;3:00 PM&quot;(file:///C:/Users/deepi/eclipse-workspace3/CucumberFramework/Features/Airport.feature:12)
</pre></div><a href='#' onClick='toggleBox("stack-trace44227594", this, "Click to show all stack frames", "Click to hide stack frames")'>Click to show all stack frames</a>
<div class='stack-trace' id='stack-trace44227594'><pre>org.openqa.selenium.NoSuchElementException: Cannot locate element with text: 3:00 PM
For documentation on this error, please visit: https://www.seleniumhq.org/exceptions/no_such_element.html
Build info: version: &apos;3.141.59&apos;, revision: &apos;e82be7d358&apos;, time: &apos;2018-11-14T08:17:03&apos;
System info: host: &apos;CDMIHFB2&apos;, ip: &apos;192.168.43.197&apos;, os.name: &apos;Windows 10&apos;, os.arch: &apos;amd64&apos;, os.version: &apos;10.0&apos;, java.version: &apos;17&apos;
Driver info: driver.version: unknown
	at org.openqa.selenium.support.ui.Select.selectByVisibleText(Select.java:147)
	at com.mindtree.reusable.WebDriverHelper.select(WebDriverHelper.java:127)
	at com.mindtree.pageobject.Airportpage.pickuptime(Airportpage.java:63)
	at com.mindtree.stepDefination.AirportStepdefinition.user_selects_pickup_time(AirportStepdefinition.java:64)
	at ?.User selects pickup time &quot;3:00 PM&quot;(file:///C:/Users/deepi/eclipse-workspace3/CucumberFramework/Features/Airport.feature:12)
</pre></div></td>
<td>25</td>
<td>com.mindtree.runner.TestRunner@45a37759</td></tr>
<tr>
<td title='com.mindtree.runner.TestRunner.runScenario()'><b>runScenario</b><br>Test class: com.mindtree.runner.TestRunner<br>Test method: Runs Cucumber Scenarios<br>Parameters: "Local cab services", "Optional[Local path]"</td>
<td><div><pre>org.openqa.selenium.NoSuchElementException: Cannot locate element with text: 3:00 PM
For documentation on this error, please visit: https://www.seleniumhq.org/exceptions/no_such_element.html
Build info: version: &apos;3.141.59&apos;, revision: &apos;e82be7d358&apos;, time: &apos;2018-11-14T08:17:03&apos;
System info: host: &apos;CDMIHFB2&apos;, ip: &apos;192.168.43.197&apos;, os.name: &apos;Windows 10&apos;, os.arch: &apos;amd64&apos;, os.version: &apos;10.0&apos;, java.version: &apos;17&apos;
Driver info: driver.version: unknown
	at org.openqa.selenium.support.ui.Select.selectByVisibleText(Select.java:147)
	at com.mindtree.reusable.WebDriverHelper.select(WebDriverHelper.java:127)
	at com.mindtree.pageobject.localpage.time(localpage.java:37)
	at com.mindtree.stepDefination.Localstepdefinition.select_pickup_time(Localstepdefinition.java:50)
	at ?.select pickup time &quot;3:00 PM&quot;(file:///C:/Users/deepi/eclipse-workspace3/CucumberFramework/Features/Local.feature:9)
</pre></div><a href='#' onClick='toggleBox("stack-trace525558913", this, "Click to show all stack frames", "Click to hide stack frames")'>Click to show all stack frames</a>
<div class='stack-trace' id='stack-trace525558913'><pre>org.openqa.selenium.NoSuchElementException: Cannot locate element with text: 3:00 PM
For documentation on this error, please visit: https://www.seleniumhq.org/exceptions/no_such_element.html
Build info: version: &apos;3.141.59&apos;, revision: &apos;e82be7d358&apos;, time: &apos;2018-11-14T08:17:03&apos;
System info: host: &apos;CDMIHFB2&apos;, ip: &apos;192.168.43.197&apos;, os.name: &apos;Windows 10&apos;, os.arch: &apos;amd64&apos;, os.version: &apos;10.0&apos;, java.version: &apos;17&apos;
Driver info: driver.version: unknown
	at org.openqa.selenium.support.ui.Select.selectByVisibleText(Select.java:147)
	at com.mindtree.reusable.WebDriverHelper.select(WebDriverHelper.java:127)
	at com.mindtree.pageobject.localpage.time(localpage.java:37)
	at com.mindtree.stepDefination.Localstepdefinition.select_pickup_time(Localstepdefinition.java:50)
	at ?.select pickup time &quot;3:00 PM&quot;(file:///C:/Users/deepi/eclipse-workspace3/CucumberFramework/Features/Local.feature:9)
</pre></div></td>
<td>17</td>
<td>com.mindtree.runner.TestRunner@45a37759</td></tr>
<tr>
<td title='com.mindtree.runner.TestRunner.runScenario()'><b>runScenario</b><br>Test class: com.mindtree.runner.TestRunner<br>Test method: Runs Cucumber Scenarios<br>Parameters: "Outstaion cab services", "Optional[Outsation path]"</td>
<td><div><pre>org.openqa.selenium.NoSuchElementException: no such element: Unable to locate element: {&quot;method&quot;:&quot;xpath&quot;,&quot;selector&quot;:&quot;.//*[@class=&apos;ngb-highlight ng-star-inserted&apos;]&quot;}
  (Session info: chrome=97.0.4692.71)
For documentation on this error, please visit: https://www.seleniumhq.org/exceptions/no_such_element.html
Build info: version: &apos;3.141.59&apos;, revision: &apos;e82be7d358&apos;, time: &apos;2018-11-14T08:17:03&apos;
System info: host: &apos;CDMIHFB2&apos;, ip: &apos;192.168.43.197&apos;, os.name: &apos;Windows 10&apos;, os.arch: &apos;amd64&apos;, os.version: &apos;10.0&apos;, java.version: &apos;17&apos;
Driver info: org.openqa.selenium.chrome.ChromeDriver
Capabilities {acceptInsecureCerts: false, browserName: chrome, browserVersion: 97.0.4692.71, chrome: {chromedriverVersion: 96.0.4664.45 (76e4c1bb2ab46..., userDataDir: C:\Users\deepi\AppData\Loca...}, goog:chromeOptions: {debuggerAddress: localhost:50141}, javascriptEnabled: true, networkConnectionEnabled: false, pageLoadStrategy: normal, platform: WINDOWS, platformName: WINDOWS, proxy: Proxy(), setWindowRect: true, strictFileInteractability: false, timeouts: {implicit: 0, pageLoad: 300000, script: 30000}, unhandledPromptBehavior: dismiss and notify, webauthn:extension:credBlob: true, webauthn:extension:largeBlob: true, webauthn:virtualAuthenticators: true}
Session ID: 5e5fcc422a9abad2dc9fec952993255c
*** Element info: {Using=xpath, value=.//*[@class=&apos;ngb-highlight ng-star-inserted&apos;]}
	at java.base/jdk.internal.reflect.NativeConstructorAccessorImpl.newInstance0(Native Method)
	at java.base/jdk.internal.reflect.NativeConstructorAccessorImpl.newInstance(NativeConstructorAccessorImpl.java:77)
	at java.base/jdk.internal.reflect.DelegatingConstructorAccessorImpl.newInstance(DelegatingConstructorAccessorImpl.java:45)
	at java.base/java.lang.reflect.Constructor.newInstanceWithCaller(Constructor.java:499)
	at java.base/java.lang.reflect.Constructor.newInstance(Constructor.java:480)
	at org.openqa.selenium.remote.http.W3CHttpResponseCodec.createException(W3CHttpResponseCodec.java:187)
	at org.openqa.selenium.remote.http.W3CHttpResponseCodec.decode(W3CHttpResponseCodec.java:122)
	at org.openqa.selenium.remote.http.W3CHttpResponseCodec.decode(W3CHttpResponseCodec.java:49)
	at org.openqa.selenium.remote.HttpCommandExecutor.execute(HttpCommandExecutor.java:158)
	at org.openqa.selenium.remote.service.DriverCommandExecutor.execute(DriverCommandExecutor.java:83)
	at org.openqa.selenium.remote.RemoteWebDriver.execute(RemoteWebDriver.java:552)
	at org.openqa.selenium.remote.RemoteWebDriver.findElement(RemoteWebDriver.java:323)
	at org.openqa.selenium.remote.RemoteWebDriver.findElementByXPath(RemoteWebDriver.java:428)
	at org.openqa.selenium.By$ByXPath.findElement(By.java:353)
	at org.openqa.selenium.remote.RemoteWebDriver.findElement(RemoteWebDriver.java:315)
	at com.mindtree.reusable.WebDriverHelper.clickButton(WebDriverHelper.java:48)
	at com.mindtree.pageobject.outstationpageobject.fromcityname(outstationpageobject.java:42)
	at com.mindtree.stepDefination.outstationstepdefinition.enter_from_cityname(outstationstepdefinition.java:43)
	at ?.enter From Cityname &quot;Bangalore, Karnataka&quot;(file:///C:/Users/deepi/eclipse-workspace3/CucumberFramework/Features/out.feature:8)
</pre></div><a href='#' onClick='toggleBox("stack-trace488372159", this, "Click to show all stack frames", "Click to hide stack frames")'>Click to show all stack frames</a>
<div class='stack-trace' id='stack-trace488372159'><pre>org.openqa.selenium.NoSuchElementException: no such element: Unable to locate element: {&quot;method&quot;:&quot;xpath&quot;,&quot;selector&quot;:&quot;.//*[@class=&apos;ngb-highlight ng-star-inserted&apos;]&quot;}
  (Session info: chrome=97.0.4692.71)
For documentation on this error, please visit: https://www.seleniumhq.org/exceptions/no_such_element.html
Build info: version: &apos;3.141.59&apos;, revision: &apos;e82be7d358&apos;, time: &apos;2018-11-14T08:17:03&apos;
System info: host: &apos;CDMIHFB2&apos;, ip: &apos;192.168.43.197&apos;, os.name: &apos;Windows 10&apos;, os.arch: &apos;amd64&apos;, os.version: &apos;10.0&apos;, java.version: &apos;17&apos;
Driver info: org.openqa.selenium.chrome.ChromeDriver
Capabilities {acceptInsecureCerts: false, browserName: chrome, browserVersion: 97.0.4692.71, chrome: {chromedriverVersion: 96.0.4664.45 (76e4c1bb2ab46..., userDataDir: C:\Users\deepi\AppData\Loca...}, goog:chromeOptions: {debuggerAddress: localhost:50141}, javascriptEnabled: true, networkConnectionEnabled: false, pageLoadStrategy: normal, platform: WINDOWS, platformName: WINDOWS, proxy: Proxy(), setWindowRect: true, strictFileInteractability: false, timeouts: {implicit: 0, pageLoad: 300000, script: 30000}, unhandledPromptBehavior: dismiss and notify, webauthn:extension:credBlob: true, webauthn:extension:largeBlob: true, webauthn:virtualAuthenticators: true}
Session ID: 5e5fcc422a9abad2dc9fec952993255c
*** Element info: {Using=xpath, value=.//*[@class=&apos;ngb-highlight ng-star-inserted&apos;]}
	at java.base/jdk.internal.reflect.NativeConstructorAccessorImpl.newInstance0(Native Method)
	at java.base/jdk.internal.reflect.NativeConstructorAccessorImpl.newInstance(NativeConstructorAccessorImpl.java:77)
	at java.base/jdk.internal.reflect.DelegatingConstructorAccessorImpl.newInstance(DelegatingConstructorAccessorImpl.java:45)
	at java.base/java.lang.reflect.Constructor.newInstanceWithCaller(Constructor.java:499)
	at java.base/java.lang.reflect.Constructor.newInstance(Constructor.java:480)
	at org.openqa.selenium.remote.http.W3CHttpResponseCodec.createException(W3CHttpResponseCodec.java:187)
	at org.openqa.selenium.remote.http.W3CHttpResponseCodec.decode(W3CHttpResponseCodec.java:122)
	at org.openqa.selenium.remote.http.W3CHttpResponseCodec.decode(W3CHttpResponseCodec.java:49)
	at org.openqa.selenium.remote.HttpCommandExecutor.execute(HttpCommandExecutor.java:158)
	at org.openqa.selenium.remote.service.DriverCommandExecutor.execute(DriverCommandExecutor.java:83)
	at org.openqa.selenium.remote.RemoteWebDriver.execute(RemoteWebDriver.java:552)
	at org.openqa.selenium.remote.RemoteWebDriver.findElement(RemoteWebDriver.java:323)
	at org.openqa.selenium.remote.RemoteWebDriver.findElementByXPath(RemoteWebDriver.java:428)
	at org.openqa.selenium.By$ByXPath.findElement(By.java:353)
	at org.openqa.selenium.remote.RemoteWebDriver.findElement(RemoteWebDriver.java:315)
	at com.mindtree.reusable.WebDriverHelper.clickButton(WebDriverHelper.java:48)
	at com.mindtree.pageobject.outstationpageobject.fromcityname(outstationpageobject.java:42)
	at com.mindtree.stepDefination.outstationstepdefinition.enter_from_cityname(outstationstepdefinition.java:43)
	at ?.enter From Cityname &quot;Bangalore, Karnataka&quot;(file:///C:/Users/deepi/eclipse-workspace3/CucumberFramework/Features/out.feature:8)
</pre></div></td>
<td>15</td>
<td>com.mindtree.runner.TestRunner@45a37759</td></tr>
<tr>
<td title='com.mindtree.runner.TestRunner.runScenario()'><b>runScenario</b><br>Test class: com.mindtree.runner.TestRunner<br>Test method: Runs Cucumber Scenarios<br>Parameters: "Outstaion cab services", "Optional[Outsation path]"</td>
<td><div><pre>org.openqa.selenium.NoSuchElementException: Cannot locate element with text: 3:00 PM
For documentation on this error, please visit: https://www.seleniumhq.org/exceptions/no_such_element.html
Build info: version: &apos;3.141.59&apos;, revision: &apos;e82be7d358&apos;, time: &apos;2018-11-14T08:17:03&apos;
System info: host: &apos;CDMIHFB2&apos;, ip: &apos;192.168.43.197&apos;, os.name: &apos;Windows 10&apos;, os.arch: &apos;amd64&apos;, os.version: &apos;10.0&apos;, java.version: &apos;17&apos;
Driver info: driver.version: unknown
	at org.openqa.selenium.support.ui.Select.selectByVisibleText(Select.java:147)
	at com.mindtree.reusable.WebDriverHelper.select(WebDriverHelper.java:127)
	at com.mindtree.pageobject.outstationpageobject.time(outstationpageobject.java:75)
	at com.mindtree.stepDefination.outstationstepdefinition.selects_pickup_time(outstationstepdefinition.java:114)
	at ?.selects pickup time &quot;3:00 PM&quot;(file:///C:/Users/deepi/eclipse-workspace3/CucumberFramework/Features/out.feature:31)
</pre></div><a href='#' onClick='toggleBox("stack-trace1850116381", this, "Click to show all stack frames", "Click to hide stack frames")'>Click to show all stack frames</a>
<div class='stack-trace' id='stack-trace1850116381'><pre>org.openqa.selenium.NoSuchElementException: Cannot locate element with text: 3:00 PM
For documentation on this error, please visit: https://www.seleniumhq.org/exceptions/no_such_element.html
Build info: version: &apos;3.141.59&apos;, revision: &apos;e82be7d358&apos;, time: &apos;2018-11-14T08:17:03&apos;
System info: host: &apos;CDMIHFB2&apos;, ip: &apos;192.168.43.197&apos;, os.name: &apos;Windows 10&apos;, os.arch: &apos;amd64&apos;, os.version: &apos;10.0&apos;, java.version: &apos;17&apos;
Driver info: driver.version: unknown
	at org.openqa.selenium.support.ui.Select.selectByVisibleText(Select.java:147)
	at com.mindtree.reusable.WebDriverHelper.select(WebDriverHelper.java:127)
	at com.mindtree.pageobject.outstationpageobject.time(outstationpageobject.java:75)
	at com.mindtree.stepDefination.outstationstepdefinition.selects_pickup_time(outstationstepdefinition.java:114)
	at ?.selects pickup time &quot;3:00 PM&quot;(file:///C:/Users/deepi/eclipse-workspace3/CucumberFramework/Features/out.feature:31)
</pre></div></td>
<td>22</td>
<td>com.mindtree.runner.TestRunner@45a37759</td></tr>
</table><p>
<table width='100%' border='1' class='invocation-passed'>
<tr><td colspan='4' align='center'><b>PASSED TESTS</b></td></tr>
<tr><td><b>Test method</b></td>
<td width="30%"><b>Exception</b></td>
<td width="10%"><b>Time (seconds)</b></td>
<td><b>Instance</b></td>
</tr>
<tr>
<td title='com.mindtree.runner.TestRunner.runScenario()'><b>runScenario</b><br>Test class: com.mindtree.runner.TestRunner<br>Test method: Runs Cucumber Scenarios<br>Parameters: "Validating Text is displayed after filling the fields", "Optional[Corporate car Rental under services]"</td>
<td></td>
<td>24</td>
<td>com.mindtree.runner.TestRunner@45a37759</td></tr>
<tr>
<td title='com.mindtree.runner.TestRunner.runScenario()'><b>runScenario</b><br>Test class: com.mindtree.runner.TestRunner<br>Test method: Runs Cucumber Scenarios<br>Parameters: "Title of homepage validation", "Optional[Homepage]"</td>
<td></td>
<td>5</td>
<td>com.mindtree.runner.TestRunner@45a37759</td></tr>
<tr>
<td title='com.mindtree.runner.TestRunner.runScenario()'><b>runScenario</b><br>Test class: com.mindtree.runner.TestRunner<br>Test method: Runs Cucumber Scenarios<br>Parameters: "CEO Validation", "Optional[Homepage]"</td>
<td></td>
<td>10</td>
<td>com.mindtree.runner.TestRunner@45a37759</td></tr>
<tr>
<td title='com.mindtree.runner.TestRunner.runScenario()'><b>runScenario</b><br>Test class: com.mindtree.runner.TestRunner<br>Test method: Runs Cucumber Scenarios<br>Parameters: "ContactUs", "Optional[Homepage]"</td>
<td></td>
<td>13</td>
<td>com.mindtree.runner.TestRunner@45a37759</td></tr>
<tr>
<td title='com.mindtree.runner.TestRunner.runScenario()'><b>runScenario</b><br>Test class: com.mindtree.runner.TestRunner<br>Test method: Runs Cucumber Scenarios<br>Parameters: "Validating the North route", "Optional[One way cab]"</td>
<td></td>
<td>21</td>
<td>com.mindtree.runner.TestRunner@45a37759</td></tr>
<tr>
<td title='com.mindtree.runner.TestRunner.runScenario()'><b>runScenario</b><br>Test class: com.mindtree.runner.TestRunner<br>Test method: Runs Cucumber Scenarios<br>Parameters: "Checking Login", "Optional[Login Validation]"</td>
<td></td>
<td>9</td>
<td>com.mindtree.runner.TestRunner@45a37759</td></tr>
</table><p>
</body>
</html>